<?xml version="1.0" encoding="UTF-8"?>
<testsuite xmlns:xsi="http://www.w3.org/2001/XMLSchema-instance" xsi:noNamespaceSchemaLocation="https://maven.apache.org/surefire/maven-surefire-plugin/xsd/surefire-test-report-3.0.xsd" version="3.0" name="com.example.TestTest" time="0.021" tests="1" errors="0" skipped="0" failures="0">
  <properties>
[...]
</properties>
  <testcase name="execute" classname="com.example.TestTest" time="0.006">
    <system-out><![CDATA[縺頑ｱｺ縺ｾ繧翫�ｮ莠句燕蜃ｦ逅�
C縺ｮ蜃ｦ逅�
縺頑ｱｺ縺ｾ繧翫�ｮ莠句ｾ悟�ｦ逅�
]]></system-out>
  </testcase>
</testsuite>